0 info it worked if it ends with ok
1 verbose cli [ 'node', '/usr/local/bin/npm', 'install', 'svgLoad' ]
2 info using npm@1.4.9
3 info using node@v0.10.28
4 warn package.json lanting@0.0.0 No description
5 warn package.json lanting@0.0.0 No repository field.
6 warn package.json lanting@0.0.0 No README data
7 verbose readDependencies using package.json deps
8 verbose cache add [ 'svgLoad', null ]
9 verbose cache add name=undefined spec="svgLoad" args=["svgLoad",null]
10 verbose parsed url { protocol: null,
10 verbose parsed url   slashes: null,
10 verbose parsed url   auth: null,
10 verbose parsed url   host: null,
10 verbose parsed url   port: null,
10 verbose parsed url   hostname: null,
10 verbose parsed url   hash: null,
10 verbose parsed url   search: null,
10 verbose parsed url   query: null,
10 verbose parsed url   pathname: 'svgLoad',
10 verbose parsed url   path: 'svgLoad',
10 verbose parsed url   href: 'svgLoad' }
11 silly lockFile 079a7319-svgLoad svgLoad
12 verbose lock svgLoad /Users/mickey/.npm/079a7319-svgLoad.lock
13 silly lockFile 079a7319-svgLoad svgLoad
14 silly lockFile 079a7319-svgLoad svgLoad
15 verbose addNamed [ 'svgLoad', '' ]
16 verbose addNamed [ null, '*' ]
17 silly lockFile 161dafe2-svgLoad svgLoad@
18 verbose lock svgLoad@ /Users/mickey/.npm/161dafe2-svgLoad.lock
19 silly addNameRange { name: 'svgLoad', range: '*', hasData: false }
20 verbose url raw svgLoad
21 verbose url resolving [ 'https://registry.npmjs.org/', './svgLoad' ]
22 verbose url resolved https://registry.npmjs.org/svgLoad
23 info trying registry request attempt 1 at 22:09:17
24 http GET https://registry.npmjs.org/svgLoad
25 http 404 https://registry.npmjs.org/svgLoad
26 silly registry.get cb [ 404,
26 silly registry.get   { 'content-type': 'application/json',
26 silly registry.get     'cache-control': 'max-age=0',
26 silly registry.get     'content-length': '2',
26 silly registry.get     'accept-ranges': 'bytes',
26 silly registry.get     date: 'Wed, 29 Jun 2016 05:09:17 GMT',
26 silly registry.get     via: '1.1 varnish',
26 silly registry.get     age: '0',
26 silly registry.get     connection: 'keep-alive',
26 silly registry.get     'x-served-by': 'cache-sjc3122-SJC',
26 silly registry.get     'x-cache': 'MISS',
26 silly registry.get     'x-cache-hits': '0',
26 silly registry.get     'x-timer': 'S1467176957.915830,VS0,VE35',
26 silly registry.get     vary: 'Accept-Encoding' } ]
27 silly lockFile 161dafe2-svgLoad svgLoad@
28 silly lockFile 161dafe2-svgLoad svgLoad@
29 error 404 Not Found
29 error 404
29 error 404 'svgLoad' is not in the npm registry.
29 error 404 You should bug the author to publish it
29 error 404 It was specified as a dependency of 'lanting'
29 error 404
29 error 404 Note that you can also install from a
29 error 404 tarball, folder, or http url, or git url.
30 error System Darwin 15.6.0
31 error command "node" "/usr/local/bin/npm" "install" "svgLoad"
32 error cwd /Users/mickey/Desktop/lanting
33 error node -v v0.10.28
34 error npm -v 1.4.9
35 error code E404
36 verbose exit [ 1, true ]
